REPEAT 2:
0
    A = A + 4
8
    REPEAT 5:
8
        REPEAT 6:
8
            A = A + 5
308
        A = A + 7
378
    REPEAT 6:
378
        A = A + 7
462
        REPEAT 4:
462
            A = A + 2
558
            A = A + 7
894
        A = A + 2
918
    REPEAT 7:
918
        REPEAT 4:
918
            A = A + 8
1366
            A = A + 7
1758
            A = A + 4
1982
            A = A + 5
2262
        A = A + 8
2374
    REPEAT 8:
2374
        A = A + 5
2454
        REPEAT 1:
2454
            A = A + 2
2486
        REPEAT 7:
2486
            A = A + 5
3046
        A = A + 5
3126
    REPEAT 2:
3126
        REPEAT 3:
3126
            A = A + 1
3138
        A = A + 1
3142
    REPEAT 5:
3142
        A = A + 1
3152
    REPEAT 9:
3152
        REPEAT 6:
3152
            A = A + 5
3692
            A = A + 1
3800
        REPEAT 6:
3800
            A = A + 2
4016
            A = A + 8
4880
            A = A + 3
5204
        REPEAT 2:
5204
            A = A + 5
5384
        REPEAT 3:
5384
            A = A + 9
5870
        REPEAT 1:
5870
            A = A + 4
5942
        REPEAT 2:
5942
            A = A + 9
6266
        REPEAT 1:
6266
            A = A + 6
6374
            A = A + 6
6482
            A = A + 4
6554
        REPEAT 3:
6554
            A = A + 7
6932
        A = A + 1
6950
        REPEAT 2:
6950
            A = A + 3
7058
        REPEAT 5:
7058
            A = A + 2
7238
            A = A + 5
7688
            A = A + 2
7868
        A = A + 4
7940
    A = A + 3
7946
REPEAT 4:
7946
    A = A + 4
7962
    A = A + 3
7974
    A = A + 7
8002
    REPEAT 5:
8002
        REPEAT 4:
8002
            A = A + 5
8402
            A = A + 7
8962
        REPEAT 5:
8962
            A = A + 3
9262
        REPEAT 3:
9262
            A = A + 3
9442
            A = A + 1
9502
        A = A + 8
9662
        A = A + 2
9702
        REPEAT 9:
9702
            A = A + 5
10602
        REPEAT 1:
10602
            A = A + 5
10702
        A = A + 2
10742
    A = A + 8
10774
A = A + 6
10780
REPEAT 3:
10780
    REPEAT 4:
10780
        A = A + 9
10888
        REPEAT 5:
10888
            A = A + 2
11008
        A = A + 1
11020
    REPEAT 9:
11020
        A = A + 9
11263
        A = A + 2
11317
        REPEAT 1:
11317
            A = A + 6
11479
            A = A + 8
11695
        REPEAT 2:
11695
            A = A + 9
12181
            A = A + 4
12397
        A = A + 7
12586
    REPEAT 2:
12586
        REPEAT 7:
12586
            A = A + 3
12712
            A = A + 5
12922
        REPEAT 3:
12922
            A = A + 5
13012
            A = A + 3
13066
            A = A + 6
13174
            A = A + 4
13246
        REPEAT 9:
13246
            A = A + 2
13354
            A = A + 8
13786
            A = A + 2
13894
        A = A + 3
13912
    REPEAT 2:
13912
        REPEAT 8:
13912
            A = A + 5
14152
            A = A + 1
14200
        A = A + 6
14236
        A = A + 1
14242
    A = A + 2
14248
    REPEAT 6:
14248
        REPEAT 1:
14248
            A = A + 3
14302
        REPEAT 1:
14302
            A = A + 2
14338
        REPEAT 4:
14338
            A = A + 7
14842
            A = A + 1
14914
        A = A + 8
15058
        REPEAT 6:
15058
            A = A + 5
15598
        REPEAT 6:
15598
            A = A + 3
15922
        REPEAT 2:
15922
            A = A + 2
15994
            A = A + 9
16318
        A = A + 7
16444
    REPEAT 9:
16444
        A = A + 8
16660
        REPEAT 9:
16660
            A = A + 8
18604
            A = A + 9
20791
            A = A + 3
21520
        A = A + 2
21574
        REPEAT 6:
21574
            A = A + 3
22060
        REPEAT 9:
22060
            A = A + 1
22303
        A = A + 9
22546
        A = A + 5
22681
        REPEAT 2:
22681
            A = A + 4
22897
            A = A + 9
23383
        A = A + 8
23599
        REPEAT 5:
23599
            A = A + 6
24409
            A = A + 9
25624
        A = A + 1
25651
    REPEAT 1:
25651
        A = A + 4
25663
    A = A + 2
25669
    REPEAT 9:
25669
        REPEAT 3:
25669
            A = A + 4
25993
        REPEAT 7:
25993
            A = A + 8
27505
            A = A + 3
28072
        REPEAT 5:
28072
            A = A + 9
29287
        REPEAT 8:
29287
            A = A + 9
31231
            A = A + 8
32959
        REPEAT 4:
32959
            A = A + 7
33715
        A = A + 7
33904
    A = A + 3
33913
A = A + 5
33918
REPEAT 6:
33918
    A = A + 7
33960
REPEAT 7:
33960
    A = A + 2
33974
    A = A + 2
33988
A = A + 1
33989
REPEAT 8:
33989
    REPEAT 1:
33989
        REPEAT 4:
33989
            A = A + 6
34181
            A = A + 6
34373
            A = A + 2
34437
        REPEAT 5:
34437
            A = A + 4
34597
            A = A + 8
34917
            A = A + 4
35077
        REPEAT 1:
35077
            A = A + 5
35117
        REPEAT 7:
35117
            A = A + 8
35565
        REPEAT 6:
35565
            A = A + 4
35757
        A = A + 4
35789
        A = A + 8
35853
        REPEAT 4:
35853
            A = A + 2
35917
        REPEAT 2:
35917
            A = A + 4
35981
        REPEAT 2:
35981
            A = A + 3
36029
        REPEAT 1:
36029
            A = A + 2
36045
        A = A + 8
36109
        REPEAT 2:
36109
            A = A + 7
36221
        REPEAT 8:
36221
            A = A + 6
36605
            A = A + 1
36669
        A = A + 7
36725
    REPEAT 8:
36725
        A = A + 2
36853
    REPEAT 8:
36853
        REPEAT 6:
36853
            A = A + 1
37237
            A = A + 6
39541
        REPEAT 2:
39541
            A = A + 4
40053
            A = A + 1
40181
        A = A + 7
40629
    A = A + 4
40661
REPEAT 4:
40661
    REPEAT 9:
40661
        A = A + 2
40733
    REPEAT 1:
40733
        A = A + 2
40741
    A = A + 5
40761
REPEAT 8:
40761
    REPEAT 6:
40761
        A = A + 3
40905
    REPEAT 4:
40905
        A = A + 1
40937
        A = A + 6
41129
        A = A + 1
41161
    REPEAT 7:
41161
        A = A + 7
41553
        REPEAT 7:
41553
            A = A + 3
42729
            A = A + 9
46257
            A = A + 1
46649
            A = A + 9
50177
        REPEAT 3:
50177
            A = A + 5
51017
        A = A + 5
51297
        A = A + 6
51633
        A = A + 2
51745
    REPEAT 1:
51745
        A = A + 4
51777
    REPEAT 2:
51777
        A = A + 7
51889
    REPEAT 1:
51889
        A = A + 7
51945
        REPEAT 4:
51945
            A = A + 7
52169
        A = A + 2
52185
        REPEAT 5:
52185
            A = A + 9
52545
            A = A + 1
52585
            A = A + 9
52945
            A = A + 5
53145
            A = A + 9
53505
        REPEAT 5:
53505
            A = A + 5
53705
        REPEAT 1:
53705
            A = A + 6
53753
        REPEAT 2:
53753
            A = A + 3
53801
            A = A + 2
53833
            A = A + 6
53929
            A = A + 8
54057
            A = A + 8
54185
            A = A + 7
54297
        A = A + 5
54337
    A = A + 5
54377
REPEAT 2:
54377
    A = A + 1
54379
    A = A + 7
54393
A = A + 3
54396
REPEAT 2:
54396
    A = A + 7
54410
A = A + 1
54411
A = A + 4
54415
REPEAT 1:
54415
    REPEAT 7:
54415
        REPEAT 2:
54415
            A = A + 3
54457
            A = A + 5
54527
            A = A + 2
54555
        A = A + 6
54597
    A = A + 1
54598
A = A + 2
54600
A = A + 4
54604
A = A + 9
54613
REPEAT 1:
54613
    A = A + 8
54621
REPEAT 8:
54621
    REPEAT 4:
54621
        REPEAT 8:
54621
            A = A + 4
55645
        REPEAT 3:
55645
            A = A + 1
55741
            A = A + 8
56509
        REPEAT 7:
56509
            A = A + 8
58301
        REPEAT 7:
58301
            A = A + 7
59869
        A = A + 7
60093
        REPEAT 7:
60093
            A = A + 6
61437
        REPEAT 5:
61437
            A = A + 9
62877
        A = A + 3
62973
        REPEAT 4:
62973
            A = A + 5
63613
        A = A + 5
63773
    A = A + 4
63805
    REPEAT 9:
63805
        REPEAT 3:
63805
            A = A + 4
64669
            A = A + 3
65317
            A = A + 6
66613
        REPEAT 1:
66613
            A = A + 3
66829
            A = A + 3
67045
            A = A + 6
67477
        REPEAT 6:
67477
            A = A + 7
70501
            A = A + 7
73525
            A = A + 5
75685
            A = A + 5
77845
            A = A + 1
78277
            A = A + 2
79141
        A = A + 6
79573
        A = A + 6
80005
    REPEAT 9:
80005
        A = A + 6
80437
    REPEAT 1:
80437
        REPEAT 2:
80437
            A = A + 4
80501
            A = A + 7
80613
        REPEAT 3:
80613
            A = A + 6
80757
        REPEAT 5:
80757
            A = A + 3
80877
        A = A + 6
80925
        REPEAT 9:
80925
            A = A + 3
81141
        A = A + 6
81189
    REPEAT 5:
81189
        A = A + 8
81509
        A = A + 8
81829
        REPEAT 3:
81829
            A = A + 7
82669
            A = A + 9
83749
            A = A + 8
84709
            A = A + 3
85069
        A = A + 3
85189
    A = A + 9
85261
REPEAT 6:
85261
    A = A + 9
85315
A = A + 1
85316
REPEAT 4:
85316
    REPEAT 1:
85316
        A = A + 7
85344
    REPEAT 9:
85344
        A = A + 2
85416
        A = A + 9
85740
    A = A + 1
85744
A = A + 2
85746
A = A + 8
85754
A = A + 7
85761
A = A + 9
85770
A = A + 6
85776
REPEAT 4:
85776
    REPEAT 2:
85776
        A = A + 3
85800
    REPEAT 3:
85800
        A = A + 4
85848
    A = A + 4
85864
REPEAT 6:
85864
    A = A + 6
85900
A = A + 1
85901
A = A + 5
85906
A = A + 8
85914
REPEAT 2:
85914
    A = A + 6
85926
    REPEAT 1:
85926
        REPEAT 2:
85926
            A = A + 2
85934
        REPEAT 3:
85934
            A = A + 1
85940
        REPEAT 1:
85940
            A = A + 8
85956
            A = A + 7
85970
            A = A + 4
85978
            A = A + 2
85982
            A = A + 8
85998
        A = A + 4
86006
    REPEAT 5:
86006
        REPEAT 6:
86006
            A = A + 8
86486
        REPEAT 9:
86486
            A = A + 5
86936
        A = A + 5
86986
    REPEAT 5:
86986
        A = A + 5
87036
    REPEAT 3:
87036
        REPEAT 5:
87036
            A = A + 4
87156
        REPEAT 4:
87156
            A = A + 6
87300
            A = A + 3
87372
        REPEAT 7:
87372
            A = A + 3
87498
            A = A + 3
87624
            A = A + 1
87666
            A = A + 7
87960
            A = A + 7
88254
            A = A + 6
88506
            A = A + 5
88716
            A = A + 5
88926
        A = A + 6
88962
    REPEAT 1:
88962
        A = A + 9
88980
    A = A + 3
88986
    REPEAT 1:
88986
        REPEAT 1:
88986
            A = A + 1
88988
        REPEAT 8:
88988
            A = A + 5
89068
        REPEAT 8:
89068
            A = A + 6
89164
        REPEAT 4:
89164
            A = A + 9
89236
        A = A + 4
89244
    REPEAT 2:
89244
        A = A + 3
89256
        A = A + 7
89284
        REPEAT 5:
89284
            A = A + 7
89424
            A = A + 5
89524
            A = A + 8
89684
        A = A + 7
89712
        A = A + 8
89744
    A = A + 5
89754
    REPEAT 2:
89754
        A = A + 5
89774
    A = A + 7
89788
    A = A + 8
89804
A = A + 5
89809
A = A + 9
89818
REPEAT 2:
89818
    REPEAT 6:
89818
        A = A + 9
89926
        A = A + 1
89938
        A = A + 8
90034
        A = A + 7
90118
        A = A + 1
90130
        A = A + 5
90190
    REPEAT 3:
90190
        A = A + 3
90208
        A = A + 9
90262
        A = A + 7
90304
    REPEAT 3:
90304
        A = A + 9
90358
    A = A + 1
90360
    REPEAT 6:
90360
        A = A + 1
90372
    REPEAT 9:
90372
        REPEAT 7:
90372
            A = A + 3
90750
        REPEAT 5:
90750
            A = A + 5
91200
            A = A + 8
91920
            A = A + 8
92640
            A = A + 1
92730
            A = A + 2
92910
        REPEAT 4:
92910
            A = A + 6
93342
        REPEAT 3:
93342
            A = A + 3
93504
        A = A + 7
93630
    REPEAT 8:
93630
        REPEAT 1:
93630
            A = A + 7
93742
        A = A + 8
93870
        A = A + 3
93918
    A = A + 1
93920
A = A + 2
93922
A = A + 4
93926
A = A + 7
93933
REPEAT 1:
93933
    REPEAT 1:
93933
        REPEAT 1:
93933
            A = A + 4
93937
            A = A + 6
93943
        REPEAT 1:
93943
            A = A + 3
93946
            A = A + 9
93955
            A = A + 6
93961
        REPEAT 9:
93961
            A = A + 1
93970
            A = A + 6
94024
        REPEAT 5:
94024
            A = A + 3
94039
            A = A + 9
94084
        A = A + 5
94089
        A = A + 5
94094
    A = A + 7
94101
    A = A + 2
94103
    REPEAT 2:
94103
        A = A + 7
94117
    A = A + 7
94124
    REPEAT 7:
94124
        REPEAT 4:
94124
            A = A + 6
94292
        A = A + 8
94348
        REPEAT 6:
94348
            A = A + 6
94600
        REPEAT 2:
94600
            A = A + 1
94614
        A = A + 7
94663
        A = A + 6
94705
    A = A + 7
94712
    REPEAT 4:
94712
        REPEAT 7:
94712
            A = A + 1
94740
        REPEAT 2:
94740
            A = A + 2
94756
            A = A + 5
94796
        A = A + 8
94828
    A = A + 2
94830
A = A + 1
94831
A = A + 4
94835
REPEAT 8:
94835
    A = A + 5
94875
A = A + 6
94881
REPEAT 7:
94881
    REPEAT 6:
94881
        REPEAT 9:
94881
            A = A + 7
97527
            A = A + 8
100551
        REPEAT 4:
100551
            A = A + 6
101559
            A = A + 4
102231
            A = A + 3
102735
            A = A + 6
103743
        REPEAT 9:
103743
            A = A + 3
104877
        REPEAT 9:
104877
            A = A + 2
105633
        A = A + 7
105927
    A = A + 5
105962
    A = A + 2
105976
REPEAT 7:
105976
    REPEAT 8:
105976
        REPEAT 6:
105976
            A = A + 4
107320
            A = A + 9
110344
            A = A + 5
112024
            A = A + 3
113032
        A = A + 9
113536
    REPEAT 4:
113536
        REPEAT 1:
113536
            A = A + 6
113704
            A = A + 8
113928
        REPEAT 1:
113928
            A = A + 6
114096
        A = A + 4
114208
        A = A + 6
114376
    REPEAT 3:
114376
        A = A + 7
114523
        REPEAT 3:
114523
            A = A + 4
114775
            A = A + 4
115027
            A = A + 2
115153
        A = A + 3
115216
        A = A + 7
115363
    REPEAT 5:
115363
        A = A + 6
115573
        A = A + 5
115748
    REPEAT 1:
115748
        REPEAT 8:
115748
            A = A + 5
116028
        REPEAT 3:
116028
            A = A + 6
116154
        REPEAT 9:
116154
            A = A + 4
116406
        A = A + 3
116427
    REPEAT 6:
116427
        REPEAT 2:
116427
            A = A + 1
116511
        A = A + 5
116721
    A = A + 2
116735
A = A + 2
116737
A = A + 7
116744
REPEAT 4:
116744
    A = A + 7
116772
A = A + 9
116781
A = A + 2
116783
REPEAT 8:
116783
    A = A + 9
116855
    REPEAT 9:
116855
        REPEAT 2:
116855
            A = A + 3
117287
            A = A + 2
117575
            A = A + 1
117719
            A = A + 5
118439
        REPEAT 9:
118439
            A = A + 1
119087
            A = A + 3
121031
        A = A + 9
121679
        REPEAT 7:
121679
            A = A + 2
122687
        REPEAT 5:
122687
            A = A + 9
125927
            A = A + 3
127007
        REPEAT 2:
127007
            A = A + 4
127583
        REPEAT 8:
127583
            A = A + 9
132767
        REPEAT 5:
132767
            A = A + 5
134567
            A = A + 4
136007
        A = A + 2
136151
    A = A + 4
136183
    REPEAT 6:
136183
        A = A + 2
136279
        REPEAT 5:
136279
            A = A + 7
137959
            A = A + 7
139639
            A = A + 8
141559
            A = A + 3
142279
        REPEAT 8:
142279
            A = A + 2
143047
            A = A + 5
144967
        REPEAT 1:
144967
            A = A + 8
145351
            A = A + 5
145591
            A = A + 1
145639
            A = A + 1
145687
        A = A + 5
145927
        REPEAT 2:
145927
            A = A + 6
146503
        REPEAT 6:
146503
            A = A + 9
149095
            A = A + 2
149671
        A = A + 5
149911
        REPEAT 4:
149911
            A = A + 7
151255
        A = A + 1
151303
        REPEAT 6:
151303
            A = A + 8
153607
        A = A + 4
153799
    REPEAT 3:
153799
        REPEAT 2:
153799
            A = A + 1
153847
            A = A + 5
154087
        REPEAT 2:
154087
            A = A + 7
154423
        REPEAT 9:
154423
            A = A + 6
155719
            A = A + 8
157447
            A = A + 9
159391
        A = A + 5
159511
    REPEAT 9:
159511
        REPEAT 3:
159511
            A = A + 7
161023
            A = A + 7
162535
        A = A + 9
163183
        A = A + 7
163687
        REPEAT 5:
163687
            A = A + 7
166207
            A = A + 2
166927
        A = A + 1
166999
    A = A + 8
167063
    A = A + 3
167087
    A = A + 5
167127
A = A + 1
167128
REPEAT 8:
167128
    A = A + 4
167160
A = A + 2
167162
A = A + 2
167164
A = A + 8
167172
REPEAT 4:
167172
    REPEAT 4:
167172
        A = A + 8
167300
        REPEAT 7:
167300
            A = A + 5
167860
            A = A + 2
168084
        REPEAT 2:
168084
            A = A + 6
168276
        REPEAT 4:
168276
            A = A + 8
168788
            A = A + 6
169172
        A = A + 1
169188
    A = A + 3
169200
A = A + 2
169202
A = A + 7
169209
A = A + 4
169213
REPEAT 8:
169213
    A = A + 2
169229
    A = A + 4
169261
REPEAT 5:
169261
    REPEAT 3:
169261
        REPEAT 6:
169261
            A = A + 8
169981
            A = A + 1
170071
        A = A + 6
170161
    A = A + 5
170186
    A = A + 9
170231
REPEAT 8:
170231
    A = A + 7
170287
REPEAT 6:
170287
    A = A + 4
170311
A = A + 5
170316
REPEAT 3:
170316
    A = A + 1
170319
    REPEAT 1:
170319
        REPEAT 5:
170319
            A = A + 6
170409
        A = A + 2
170415
    REPEAT 9:
170415
        REPEAT 5:
170415
            A = A + 9
171630
            A = A + 3
172035
        REPEAT 9:
172035
            A = A + 9
174222
        A = A + 8
174438
    REPEAT 8:
174438
        REPEAT 5:
174438
            A = A + 9
175518
            A = A + 4
175998
        REPEAT 9:
175998
            A = A + 3
176646
        A = A + 4
176742
    A = A + 5
176757
REPEAT 9:
176757
    REPEAT 7:
176757
        A = A + 5
177072
    REPEAT 3:
177072
        A = A + 7
177261
    REPEAT 9:
177261
        REPEAT 6:
177261
            A = A + 4
179205
        A = A + 6
179691
    REPEAT 5:
179691
        REPEAT 6:
179691
            A = A + 5
181041
            A = A + 3
181851
        A = A + 3
181986
    A = A + 3
182013
    A = A + 5
182058
    REPEAT 7:
182058
        A = A + 5
182373
        REPEAT 2:
182373
            A = A + 5
183003
            A = A + 6
183759
        REPEAT 2:
183759
            A = A + 2
184011
        A = A + 5
184326
    A = A + 3
184353
A = A + 5
184358
A = A + 5
184363
REPEAT 4:
184363
    A = A + 2
184371
    A = A + 1
184375
    REPEAT 9:
184375
        A = A + 9
184699
        A = A + 5
184879
        A = A + 6
185095
        A = A + 2
185167
        A = A + 2
185239
        A = A + 5
185419
    REPEAT 9:
185419
        A = A + 5
185599
    A = A + 4
185615
    REPEAT 4:
185615
        REPEAT 4:
185615
            A = A + 1
185679
            A = A + 2
185807
        REPEAT 6:
185807
            A = A + 9
186671
            A = A + 3
186959
        REPEAT 2:
186959
            A = A + 5
187119
            A = A + 1
187151
            A = A + 1
187183
            A = A + 3
187279
        A = A + 8
187407
        REPEAT 7:
187407
            A = A + 4
187855
        REPEAT 6:
187855
            A = A + 9
188719
        REPEAT 5:
188719
            A = A + 9
189439
            A = A + 8
190079
            A = A + 3
190319
        A = A + 9
190463
        A = A + 4
190527
    A = A + 6
190551
REPEAT 7:
190551
    A = A + 9
190614
REPEAT 9:
190614
    A = A + 4
190650
    A = A + 9
190731
    A = A + 1
190740
    A = A + 3
190767
    REPEAT 5:
190767
        REPEAT 1:
190767
            A = A + 4
190947
            A = A + 4
191127
        REPEAT 8:
191127
            A = A + 9
194367
            A = A + 6
196527
            A = A + 2
197247
        REPEAT 3:
197247
            A = A + 4
197787
            A = A + 4
198327
        REPEAT 3:
198327
            A = A + 5
199002
            A = A + 2
199272
            A = A + 8
200352
            A = A + 3
200757
            A = A + 6
201567
            A = A + 4
202107
            A = A + 9
203322
            A = A + 1
203457
        A = A + 9
203862
        A = A + 5
204087
        A = A + 3
204222
        REPEAT 3:
204222
            A = A + 2
204492
            A = A + 5
205167
            A = A + 8
206247
            A = A + 2
206517
        A = A + 5
206742
    REPEAT 8:
206742
        REPEAT 2:
206742
            A = A + 6
207606
        A = A + 7
208110
    A = A + 6
208164
    A = A + 9
208245
    A = A + 2
208263
REPEAT 2:
208263
    A = A + 3
208269
    REPEAT 8:
208269
        A = A + 7
208381
        A = A + 2
208413
        A = A + 1
208429
        A = A + 4
208493
        A = A + 1
208509
        A = A + 5
208589
    A = A + 2
208593
    A = A + 1
208595
    REPEAT 1:
208595
        A = A + 1
208597
    REPEAT 6:
208597
        A = A + 4
208645
        A = A + 3
208681
    A = A + 3
208687
    REPEAT 5:
208687
        A = A + 3
208717
    REPEAT 6:
208717
        REPEAT 1:
208717
            A = A + 5
208777
            A = A + 7
208861
            A = A + 7
208945
            A = A + 7
209029
        REPEAT 5:
209029
            A = A + 9
209569
        A = A + 7
209653
        REPEAT 5:
209653
            A = A + 9
210193
            A = A + 1
210253
            A = A + 9
210793
        A = A + 8
210889
        REPEAT 1:
210889
            A = A + 2
210913
        REPEAT 5:
210913
            A = A + 8
211393
        REPEAT 3:
211393
            A = A + 2
211465
            A = A + 9
211789
        A = A + 6
211861
        A = A + 3
211897
    REPEAT 5:
211897
        REPEAT 6:
211897
            A = A + 5
212197
            A = A + 5
212497
        REPEAT 4:
212497
            A = A + 5
212697
        A = A + 4
212737
        REPEAT 8:
212737
            A = A + 9
213457
            A = A + 1
213537
        REPEAT 8:
213537
            A = A + 8
214177
            A = A + 1
214257
        A = A + 4
214297
        REPEAT 6:
214297
            A = A + 6
214657
        REPEAT 2:
214657
            A = A + 3
214717
            A = A + 9
214897
            A = A + 6
215017
            A = A + 9
215197
        REPEAT 1:
215197
            A = A + 4
215237
        REPEAT 3:
215237
            A = A + 3
215327
            A = A + 4
215447
            A = A + 2
215507
            A = A + 8
215747
        REPEAT 2:
215747
            A = A + 4
215827
        A = A + 1
215837
        REPEAT 9:
215837
            A = A + 2
216017
        A = A + 9
216107
    A = A + 7
216121
REPEAT 7:
216121
    REPEAT 7:
216121
        REPEAT 5:
216121
            A = A + 7
217836
        REPEAT 5:
217836
            A = A + 1
218081
        A = A + 1
218130
    REPEAT 5:
218130
        A = A + 6
218340
        REPEAT 1:
218340
            A = A + 4
218480
        REPEAT 9:
218480
            A = A + 4
219740
        A = A + 1
219775
    REPEAT 6:
219775
        A = A + 8
220111
        A = A + 5
220321
        REPEAT 1:
220321
            A = A + 4
220489
        REPEAT 5:
220489
            A = A + 8
222169
            A = A + 7
223639
        A = A + 2
223723
    REPEAT 3:
223723
        A = A + 3
223786
    REPEAT 8:
223786
        REPEAT 8:
223786
            A = A + 4
225578
        A = A + 7
225970
        REPEAT 5:
225970
            A = A + 1
226250
        REPEAT 8:
226250
            A = A + 7
229386
            A = A + 8
232970
            A = A + 4
234762
        A = A + 7
235154
        A = A + 6
235490
    A = A + 9
235553
    A = A + 5
235588
REPEAT 3:
235588
    A = A + 5
235603
    REPEAT 9:
235603
        A = A + 1
235630
    A = A + 7
235651
REPEAT 1:
235651
    A = A + 8
235659
A = A + 4
235663
REPEAT 8:
235663
    REPEAT 7:
235663
        A = A + 2
235775
        REPEAT 4:
235775
            A = A + 6
237119
        A = A + 6
237455
    REPEAT 1:
237455
        A = A + 7
237511
    A = A + 1
237519
REPEAT 9:
237519
    REPEAT 5:
237519
        A = A + 6
237789
        A = A + 5
238014
        REPEAT 7:
238014
            A = A + 3
238959
            A = A + 6
240849
        A = A + 8
241209
    REPEAT 2:
241209
        A = A + 7
241335
    A = A + 1
241344
    A = A + 9
241425
    REPEAT 3:
241425
        REPEAT 3:
241425
            A = A + 5
241830
