0
8
8
8
308
378
378
462
462
558
894
918
918
918
1366
1758
1982
2262
2374
2374
2454
2454
2486
2486
3046
3126
3126
3126
3138
3142
3142
3152
3152
3152
3692
3800
3800
4016
4880
5204
5204
5384
5384
5870
5870
5942
5942
6266
6266
6374
6482
6554
6554
6932
6950
6950
7058
7058
7238
7688
7868
7940
7946
7946
7962
7974
8002
8002
8002
8402
8962
8962
9262
9262
9442
9502
9662
9702
9702
10602
10602
10702
10742
10774
10780
10780
10780
10888
10888
11008
11020
11020
11263
11317
11317
11479
11695
11695
12181
12397
12586
12586
12586
12712
12922
12922
13012
13066
13174
13246
13246
13354
13786
13894
13912
13912
13912
14152
14200
14236
14242
14248
14248
14248
14302
14302
14338
14338
14842
14914
15058
15058
15598
15598
15922
15922
15994
16318
16444
16444
16660
16660
18604
20791
21520
21574
21574
22060
22060
22303
22546
22681
22681
22897
23383
23599
23599
24409
25624
25651
25651
25663
25669
25669
25669
25993
25993
27505
28072
28072
29287
29287
31231
32959
32959
33715
33904
33913
33918
33918
33960
33960
33974
33988
33989
33989
33989
33989
34181
34373
34437
34437
34597
34917
35077
35077
35117
35117
35565
35565
35757
35789
35853
35853
35917
35917
35981
35981
36029
36029
36045
36109
36109
36221
36221
36605
36669
36725
36725
36853
36853
36853
37237
39541
39541
40053
40181
40629
40661
40661
40661
40733
40733
40741
40761
40761
40761
40905
40905
40937
41129
41161
41161
41553
41553
42729
46257
46649
50177
50177
51017
51297
51633
51745
51745
51777
51777
51889
51889
51945
51945
52169
52185
52185
52545
52585
52945
53145
53505
53505
53705
53705
53753
53753
53801
53833
53929
54057
54185
54297
54337
54377
54377
54379
54393
54396
54396
54410
54411
54415
54415
54415
54415
54457
54527
54555
54597
54598
54600
54604
54613
54613
54621
54621
54621
54621
55645
55645
55741
56509
56509
58301
58301
59869
60093
60093
61437
61437
62877
62973
62973
63613
63773
63805
63805
63805
64669
65317
66613
66613
66829
67045
67477
67477
70501
73525
75685
77845
78277
79141
79573
80005
80005
80437
80437
80437
80501
80613
80613
80757
80757
80877
80925
80925
81141
81189
81189
81509
81829
81829
82669
83749
84709
85069
85189
85261
85261
85315
85316
85316
85316
85344
85344
85416
85740
85744
85746
85754
85761
85770
85776
85776
85776
85800
85800
85848
85864
85864
85900
85901
85906
85914
85914
85926
85926
85926
85934
85934
85940
85940
85956
85970
85978
85982
85998
86006
86006
86006
86486
86486
86936
86986
86986
87036
87036
87036
87156
87156
87300
87372
87372
87498
87624
87666
87960
88254
88506
88716
88926
88962
88962
88980
88986
88986
88986
88988
88988
89068
89068
89164
89164
89236
89244
89244
89256
89284
89284
89424
89524
89684
89712
89744
89754
89754
89774
89788
89804
89809
89818
89818
89818
89926
89938
90034
90118
90130
90190
90190
90208
90262
90304
90304
90358
90360
90360
90372
90372
90372
90750
90750
91200
91920
92640
92730
92910
92910
93342
93342
93504
93630
93630
93630
93742
93870
93918
93920
93922
93926
93933
93933
93933
93933
93937
93943
93943
93946
93955
93961
93961
93970
94024
94024
94039
94084
94089
94094
94101
94103
94103
94117
94124
94124
94124
94292
94348
94348
94600
94600
94614
94663
94705
94712
94712
94712
94740
94740
94756
94796
94828
94830
94831
94835
94835
94875
94881
94881
94881
94881
97527
100551
100551
101559
102231
102735
103743
103743
104877
104877
105633
105927
105962
105976
105976
105976
105976
107320
110344
112024
113032
113536
113536
113536
113704
113928
113928
114096
114208
114376
114376
114523
114523
114775
115027
115153
115216
115363
115363
115573
115748
115748
115748
116028
116028
116154
116154
116406
116427
116427
116427
116511
116721
116735
116737
116744
116744
116772
116781
116783
116783
116855
116855
116855
117287
117575
117719
118439
118439
119087
121031
121679
121679
122687
122687
125927
127007
127007
127583
127583
132767
132767
134567
136007
136151
136183
136183
136279
136279
137959
139639
141559
142279
142279
143047
144967
144967
145351
145591
145639
145687
145927
145927
146503
146503
149095
149671
149911
149911
151255
151303
151303
153607
153799
153799
153799
153847
154087
154087
154423
154423
155719
157447
159391
159511
159511
159511
161023
162535
163183
163687
163687
166207
166927
166999
167063
167087
167127
167128
167128
167160
167162
167164
167172
167172
167172
167300
167300
167860
168084
168084
168276
168276
168788
169172
169188
169200
169202
169209
169213
169213
169229
169261
169261
169261
169261
169981
170071
170161
170186
170231
170231
170287
170287
170311
170316
170316
170319
170319
170319
170409
170415
170415
170415
171630
172035
172035
174222
174438
174438
174438
175518
175998
175998
176646
176742
176757
176757
176757
177072
177072
177261
177261
177261
179205
179691
179691
179691
181041
181851
181986
182013
182058
182058
182373
182373
183003
183759
183759
184011
184326
184353
184358
184363
184363
184371
184375
184375
184699
184879
185095
185167
185239
185419
185419
185599
185615
185615
185615
185679
185807
185807
186671
186959
186959
187119
187151
187183
187279
187407
187407
187855
187855
188719
188719
189439
190079
190319
190463
190527
190551
190551
190614
190614
190650
190731
190740
190767
190767
190767
190947
191127
191127
194367
196527
197247
197247
197787
198327
198327
199002
199272
200352
200757
201567
202107
203322
203457
203862
204087
204222
204222
204492
205167
206247
206517
206742
206742
206742
207606
208110
208164
208245
208263
208263
208269
208269
208381
208413
208429
208493
208509
208589
208593
208595
208595
208597
208597
208645
208681
208687
208687
208717
208717
208717
208777
208861
208945
209029
209029
209569
209653
209653
210193
210253
210793
210889
210889
210913
210913
211393
211393
211465
211789
211861
211897
211897
211897
212197
212497
212497
212697
212737
212737
213457
213537
213537
214177
214257
214297
214297
214657
214657
214717
214897
215017
215197
215197
215237
215237
215327
215447
215507
215747
215747
215827
215837
215837
216017
216107
216121
216121
216121
216121
217836
217836
218081
218130
218130
218340
218340
218480
218480
219740
219775
219775
220111
220321
220321
220489
220489
222169
223639
223723
223723
223786
223786
223786
225578
225970
225970
226250
226250
229386
232970
234762
235154
235490
235553
235588
235588
235603
235603
235630
235651
235651
235659
235663
235663
235663
235775
235775
237119
237455
237455
237511
237519
237519
237519
237789
238014
238014
238959
240849
241209
241209
241335
241344
241425
241425
241425
241830
